[2024-10-26 20:04:55:502 ] [32m[restartedMain][0;39m [34mINFO [0;39m [1;37m[org.springframework.boot.StartupInfoLogger.logStarting:[33m50[0;39m][0;39m - Starting MarimoApplication using Java 17.0.12 with PID 1692 (C:\Lecture\project\Marimo\Marimo-BE\Marimo\out\production\classes started by 2ee42 in C:\Lecture\project\Marimo\Marimo-BE)
[2024-10-26 20:04:55:504 ] [32m[restartedMain][0;39m [34mINFO [0;39m [1;37m[org.springframework.boot.SpringApplication.logStartupProfileInfo:[33m654[0;39m][0;39m - No active profile set, falling back to 1 default profile: "default"
[2024-10-26 20:04:55:533 ] [32m[restartedMain][0;39m [34mINFO [0;39m [1;37m[org.springframework.boot.logging.DeferredLog.logTo:[33m252[0;39m][0;39m - Devtools property defaults active! Set 'spring.devtools.add-properties' to 'false' to disable
[2024-10-26 20:04:55:535 ] [32m[restartedMain][0;39m [34mINFO [0;39m [1;37m[org.springframework.boot.logging.DeferredLog.logTo:[33m252[0;39m][0;39m - For additional web related logging consider setting the 'logging.level.web' property to 'DEBUG'
[2024-10-26 20:04:55:1070] [32m[restartedMain][0;39m [34mINFO [0;39m [1;37m[org.springframework.data.repository.config.RepositoryConfigurationDelegate.registerRepositoriesIn:[33m143[0;39m][0;39m - Bootstrapping Spring Data JPA repositories in DEFAULT mode.
[2024-10-26 20:04:55:1087] [32m[restartedMain][0;39m [34mINFO [0;39m [1;37m[org.springframework.data.repository.config.RepositoryConfigurationDelegate.registerRepositoriesIn:[33m211[0;39m][0;39m - Finished Spring Data repository scanning in 11 ms. Found 0 JPA repository interfaces.
[2024-10-26 20:04:56:1610] [32m[restartedMain][0;39m [34mINFO [0;39m [1;37m[org.springframework.boot.web.embedded.tomcat.TomcatWebServer.initialize:[33m111[0;39m][0;39m - Tomcat initialized with port 8080 (http)
[2024-10-26 20:04:56:1617] [32m[restartedMain][0;39m [34mINFO [0;39m [1;37m[org.apache.juli.logging.DirectJDKLog.log:[33m173[0;39m][0;39m - Initializing ProtocolHandler ["http-nio-8080"]
[2024-10-26 20:04:56:1620] [32m[restartedMain][0;39m [34mINFO [0;39m [1;37m[org.apache.juli.logging.DirectJDKLog.log:[33m173[0;39m][0;39m - Starting service [Tomcat]
[2024-10-26 20:04:56:1620] [32m[restartedMain][0;39m [34mINFO [0;39m [1;37m[org.apache.juli.logging.DirectJDKLog.log:[33m173[0;39m][0;39m - Starting Servlet engine: [Apache Tomcat/10.1.30]
[2024-10-26 20:04:56:1664] [32m[restartedMain][0;39m [34mINFO [0;39m [1;37m[org.apache.juli.logging.DirectJDKLog.log:[33m173[0;39m][0;39m - Initializing Spring embedded WebApplicationContext
[2024-10-26 20:04:56:1664] [32m[restartedMain][0;39m [34mINFO [0;39m [1;37m[org.springframework.boot.web.servlet.context.ServletWebServerApplicationContext.prepareWebApplicationContext:[33m296[0;39m][0;39m - Root WebApplicationContext: initialization completed in 1129 ms
[2024-10-26 20:04:56:1800] [32m[restartedMain][0;39m [34mINFO [0;39m [1;37m[org.hibernate.jpa.internal.util.LogHelper.logPersistenceUnitInformation:[33m31[0;39m][0;39m - HHH000204: Processing PersistenceUnitInfo [name: default]
[2024-10-26 20:04:56:1840] [32m[restartedMain][0;39m [34mINFO [0;39m [1;37m[org.hibernate.Version.logVersion:[33m44[0;39m][0;39m - HHH000412: Hibernate ORM core version 6.5.3.Final
[2024-10-26 20:04:56:1871] [32m[restartedMain][0;39m [34mINFO [0;39m [1;37m[org.hibernate.cache.internal.RegionFactoryInitiator.initiateService:[33m50[0;39m][0;39m - HHH000026: Second-level cache disabled
[2024-10-26 20:04:56:2079] [32m[restartedMain][0;39m [34mINFO [0;39m [1;37m[org.springframework.orm.jpa.persistenceunit.SpringPersistenceUnitInfo.addTransformer:[33m87[0;39m][0;39m - No LoadTimeWeaver setup: ignoring JPA class transformer
[2024-10-26 20:04:56:2100] [32m[restartedMain][0;39m [34mINFO [0;39m [1;37m[com.zaxxer.hikari.HikariDataSource.getConnection:[33m109[0;39m][0;39m - HikariPool-1 - Starting...
[2024-10-26 20:04:57:2280] [32m[restartedMain][0;39m [34mINFO [0;39m [1;37m[com.zaxxer.hikari.pool.HikariPool.checkFailFast:[33m554[0;39m][0;39m - HikariPool-1 - Added connection com.mysql.cj.jdbc.ConnectionImpl@29f455ee
[2024-10-26 20:04:57:2281] [32m[restartedMain][0;39m [34mINFO [0;39m [1;37m[com.zaxxer.hikari.HikariDataSource.getConnection:[33m122[0;39m][0;39m - HikariPool-1 - Start completed.
[2024-10-26 20:04:58:3186] [32m[restartedMain][0;39m [34mINFO [0;39m [1;37m[org.hibernate.engine.transaction.jta.platform.internal.JtaPlatformInitiator.initiateService:[33m59[0;39m][0;39m - HHH000489: No JTA platform available (set 'hibernate.transaction.jta.platform' to enable JTA platform integration)
[2024-10-26 20:04:58:3296] [32m[restartedMain][0;39m [34mINFO [0;39m [1;37m[org.springframework.orm.jpa.AbstractEntityManagerFactoryBean.buildNativeEntityManagerFactory:[33m437[0;39m][0;39m - Initialized JPA EntityManagerFactory for persistence unit 'default'
[2024-10-26 20:04:59:4188] [32m[restartedMain][0;39m [34mINFO [0;39m [1;37m[org.springframework.boot.devtools.autoconfigure.OptionalLiveReloadServer.startServer:[33m59[0;39m][0;39m - LiveReload server is running on port 35729
[2024-10-26 20:04:59:4202] [32m[restartedMain][0;39m [34mINFO [0;39m [1;37m[org.apache.juli.logging.DirectJDKLog.log:[33m173[0;39m][0;39m - Starting ProtocolHandler ["http-nio-8080"]
[2024-10-26 20:04:59:4218] [32m[restartedMain][0;39m [34mINFO [0;39m [1;37m[org.springframework.boot.web.embedded.tomcat.TomcatWebServer.start:[33m243[0;39m][0;39m - Tomcat started on port 8080 (http) with context path '/'
[2024-10-26 20:04:59:4225] [32m[restartedMain][0;39m [34mINFO [0;39m [1;37m[org.springframework.boot.StartupInfoLogger.logStarted:[33m56[0;39m][0;39m - Started MarimoApplication in 4.091 seconds (process running for 4.487)
[2024-10-26 20:05:40:45716] [32m[SpringApplicationShutdownHook][0;39m [34mINFO [0;39m [1;37m[org.springframework.orm.jpa.AbstractEntityManagerFactoryBean.destroy:[33m650[0;39m][0;39m - Closing JPA EntityManagerFactory for persistence unit 'default'
[2024-10-26 20:05:40:45719] [32m[SpringApplicationShutdownHook][0;39m [34mINFO [0;39m [1;37m[com.zaxxer.hikari.HikariDataSource.close:[33m349[0;39m][0;39m - HikariPool-1 - Shutdown initiated...
[2024-10-26 20:05:40:45725] [32m[SpringApplicationShutdownHook][0;39m [34mINFO [0;39m [1;37m[com.zaxxer.hikari.HikariDataSource.close:[33m351[0;39m][0;39m - HikariPool-1 - Shutdown completed.
[2024-10-26 20:05:42:494 ] [32m[restartedMain][0;39m [34mINFO [0;39m [1;37m[org.springframework.boot.StartupInfoLogger.logStarting:[33m50[0;39m][0;39m - Starting MarimoApplication using Java 17.0.12 with PID 25808 (C:\Lecture\project\Marimo\Marimo-BE\Marimo\out\production\classes started by 2ee42 in C:\Lecture\project\Marimo\Marimo-BE)
[2024-10-26 20:05:42:496 ] [32m[restartedMain][0;39m [34mINFO [0;39m [1;37m[org.springframework.boot.SpringApplication.logStartupProfileInfo:[33m654[0;39m][0;39m - No active profile set, falling back to 1 default profile: "default"
[2024-10-26 20:05:42:525 ] [32m[restartedMain][0;39m [34mINFO [0;39m [1;37m[org.springframework.boot.logging.DeferredLog.logTo:[33m252[0;39m][0;39m - Devtools property defaults active! Set 'spring.devtools.add-properties' to 'false' to disable
[2024-10-26 20:05:42:525 ] [32m[restartedMain][0;39m [34mINFO [0;39m [1;37m[org.springframework.boot.logging.DeferredLog.logTo:[33m252[0;39m][0;39m - For additional web related logging consider setting the 'logging.level.web' property to 'DEBUG'
[2024-10-26 20:05:43:1034] [32m[restartedMain][0;39m [34mINFO [0;39m [1;37m[org.springframework.data.repository.config.RepositoryConfigurationDelegate.registerRepositoriesIn:[33m143[0;39m][0;39m - Bootstrapping Spring Data JPA repositories in DEFAULT mode.
[2024-10-26 20:05:43:1053] [32m[restartedMain][0;39m [34mINFO [0;39m [1;37m[org.springframework.data.repository.config.RepositoryConfigurationDelegate.registerRepositoriesIn:[33m211[0;39m][0;39m - Finished Spring Data repository scanning in 14 ms. Found 0 JPA repository interfaces.
[2024-10-26 20:05:43:1529] [32m[restartedMain][0;39m [34mINFO [0;39m [1;37m[org.springframework.boot.web.embedded.tomcat.TomcatWebServer.initialize:[33m111[0;39m][0;39m - Tomcat initialized with port 8080 (http)
[2024-10-26 20:05:43:1539] [32m[restartedMain][0;39m [34mINFO [0;39m [1;37m[org.apache.juli.logging.DirectJDKLog.log:[33m173[0;39m][0;39m - Initializing ProtocolHandler ["http-nio-8080"]
[2024-10-26 20:05:43:1541] [32m[restartedMain][0;39m [34mINFO [0;39m [1;37m[org.apache.juli.logging.DirectJDKLog.log:[33m173[0;39m][0;39m - Starting service [Tomcat]
[2024-10-26 20:05:43:1542] [32m[restartedMain][0;39m [34mINFO [0;39m [1;37m[org.apache.juli.logging.DirectJDKLog.log:[33m173[0;39m][0;39m - Starting Servlet engine: [Apache Tomcat/10.1.30]
[2024-10-26 20:05:43:1582] [32m[restartedMain][0;39m [34mINFO [0;39m [1;37m[org.apache.juli.logging.DirectJDKLog.log:[33m173[0;39m][0;39m - Initializing Spring embedded WebApplicationContext
[2024-10-26 20:05:43:1582] [32m[restartedMain][0;39m [34mINFO [0;39m [1;37m[org.springframework.boot.web.servlet.context.ServletWebServerApplicationContext.prepareWebApplicationContext:[33m296[0;39m][0;39m - Root WebApplicationContext: initialization completed in 1056 ms
[2024-10-26 20:05:43:1719] [32m[restartedMain][0;39m [34mINFO [0;39m [1;37m[org.hibernate.jpa.internal.util.LogHelper.logPersistenceUnitInformation:[33m31[0;39m][0;39m - HHH000204: Processing PersistenceUnitInfo [name: default]
[2024-10-26 20:05:43:1755] [32m[restartedMain][0;39m [34mINFO [0;39m [1;37m[org.hibernate.Version.logVersion:[33m44[0;39m][0;39m - HHH000412: Hibernate ORM core version 6.5.3.Final
[2024-10-26 20:05:43:1788] [32m[restartedMain][0;39m [34mINFO [0;39m [1;37m[org.hibernate.cache.internal.RegionFactoryInitiator.initiateService:[33m50[0;39m][0;39m - HHH000026: Second-level cache disabled
[2024-10-26 20:05:44:2013] [32m[restartedMain][0;39m [34mINFO [0;39m [1;37m[org.springframework.orm.jpa.persistenceunit.SpringPersistenceUnitInfo.addTransformer:[33m87[0;39m][0;39m - No LoadTimeWeaver setup: ignoring JPA class transformer
[2024-10-26 20:05:44:2037] [32m[restartedMain][0;39m [34mINFO [0;39m [1;37m[com.zaxxer.hikari.HikariDataSource.getConnection:[33m109[0;39m][0;39m - HikariPool-1 - Starting...
[2024-10-26 20:05:44:2220] [32m[restartedMain][0;39m [34mINFO [0;39m [1;37m[com.zaxxer.hikari.pool.HikariPool.checkFailFast:[33m554[0;39m][0;39m - HikariPool-1 - Added connection com.mysql.cj.jdbc.ConnectionImpl@793e0282
[2024-10-26 20:05:44:2222] [32m[restartedMain][0;39m [34mINFO [0;39m [1;37m[com.zaxxer.hikari.HikariDataSource.getConnection:[33m122[0;39m][0;39m - HikariPool-1 - Start completed.
[2024-10-26 20:05:45:3101] [32m[restartedMain][0;39m [34mINFO [0;39m [1;37m[org.hibernate.engine.transaction.jta.platform.internal.JtaPlatformInitiator.initiateService:[33m59[0;39m][0;39m - HHH000489: No JTA platform available (set 'hibernate.transaction.jta.platform' to enable JTA platform integration)
[2024-10-26 20:05:45:3218] [32m[restartedMain][0;39m [34mINFO [0;39m [1;37m[org.springframework.orm.jpa.AbstractEntityManagerFactoryBean.buildNativeEntityManagerFactory:[33m437[0;39m][0;39m - Initialized JPA EntityManagerFactory for persistence unit 'default'
[2024-10-26 20:05:46:4151] [32m[restartedMain][0;39m [34mINFO [0;39m [1;37m[org.springframework.boot.devtools.autoconfigure.OptionalLiveReloadServer.startServer:[33m59[0;39m][0;39m - LiveReload server is running on port 35729
[2024-10-26 20:05:46:4165] [32m[restartedMain][0;39m [34mINFO [0;39m [1;37m[org.apache.juli.logging.DirectJDKLog.log:[33m173[0;39m][0;39m - Starting ProtocolHandler ["http-nio-8080"]
[2024-10-26 20:05:46:4181] [32m[restartedMain][0;39m [34mINFO [0;39m [1;37m[org.springframework.boot.web.embedded.tomcat.TomcatWebServer.start:[33m243[0;39m][0;39m - Tomcat started on port 8080 (http) with context path '/'
[2024-10-26 20:05:46:4189] [32m[restartedMain][0;39m [34mINFO [0;39m [1;37m[org.springframework.boot.StartupInfoLogger.logStarted:[33m56[0;39m][0;39m - Started MarimoApplication in 4.052 seconds (process running for 4.485)
[2024-10-26 20:05:48:6032] [32m[SpringApplicationShutdownHook][0;39m [34mINFO [0;39m [1;37m[org.springframework.orm.jpa.AbstractEntityManagerFactoryBean.destroy:[33m650[0;39m][0;39m - Closing JPA EntityManagerFactory for persistence unit 'default'
[2024-10-26 20:05:48:6034] [32m[SpringApplicationShutdownHook][0;39m [34mINFO [0;39m [1;37m[com.zaxxer.hikari.HikariDataSource.close:[33m349[0;39m][0;39m - HikariPool-1 - Shutdown initiated...
[2024-10-26 20:05:48:6039] [32m[SpringApplicationShutdownHook][0;39m [34mINFO [0;39m [1;37m[com.zaxxer.hikari.HikariDataSource.close:[33m351[0;39m][0;39m - HikariPool-1 - Shutdown completed.
