[2024-10-27 00:38:19:529 ] [32m[restartedMain][0;39m [34mINFO [0;39m [1;37m[org.springframework.boot.StartupInfoLogger.logStarting:[33m50[0;39m][0;39m - Starting MarimoApplication using Java 17.0.12 with PID 21568 (C:\Dev\mtvs\Marimo-BE\Marimo\out\production\classes started by User in C:\Dev\mtvs\Marimo-BE)
[2024-10-27 00:38:19:530 ] [32m[restartedMain][0;39m [34mINFO [0;39m [1;37m[org.springframework.boot.SpringApplication.logStartupProfileInfo:[33m654[0;39m][0;39m - No active profile set, falling back to 1 default profile: "default"
[2024-10-27 00:38:19:559 ] [32m[restartedMain][0;39m [34mINFO [0;39m [1;37m[org.springframework.boot.logging.DeferredLog.logTo:[33m252[0;39m][0;39m - Devtools property defaults active! Set 'spring.devtools.add-properties' to 'false' to disable
[2024-10-27 00:38:19:559 ] [32m[restartedMain][0;39m [34mINFO [0;39m [1;37m[org.springframework.boot.logging.DeferredLog.logTo:[33m252[0;39m][0;39m - For additional web related logging consider setting the 'logging.level.web' property to 'DEBUG'
[2024-10-27 00:38:20:1060] [32m[restartedMain][0;39m [34mINFO [0;39m [1;37m[org.springframework.data.repository.config.RepositoryConfigurationDelegate.registerRepositoriesIn:[33m143[0;39m][0;39m - Bootstrapping Spring Data JPA repositories in DEFAULT mode.
[2024-10-27 00:38:20:1074] [32m[restartedMain][0;39m [34mINFO [0;39m [1;37m[org.springframework.data.repository.config.RepositoryConfigurationDelegate.registerRepositoriesIn:[33m211[0;39m][0;39m - Finished Spring Data repository scanning in 10 ms. Found 0 JPA repository interfaces.
[2024-10-27 00:38:20:1529] [32m[restartedMain][0;39m [34mINFO [0;39m [1;37m[org.springframework.boot.web.embedded.tomcat.TomcatWebServer.initialize:[33m111[0;39m][0;39m - Tomcat initialized with port 8080 (http)
[2024-10-27 00:38:20:1537] [32m[restartedMain][0;39m [34mINFO [0;39m [1;37m[org.apache.juli.logging.DirectJDKLog.log:[33m173[0;39m][0;39m - Initializing ProtocolHandler ["http-nio-8080"]
[2024-10-27 00:38:20:1539] [32m[restartedMain][0;39m [34mINFO [0;39m [1;37m[org.apache.juli.logging.DirectJDKLog.log:[33m173[0;39m][0;39m - Starting service [Tomcat]
[2024-10-27 00:38:20:1540] [32m[restartedMain][0;39m [34mINFO [0;39m [1;37m[org.apache.juli.logging.DirectJDKLog.log:[33m173[0;39m][0;39m - Starting Servlet engine: [Apache Tomcat/10.1.30]
[2024-10-27 00:38:20:1577] [32m[restartedMain][0;39m [34mINFO [0;39m [1;37m[org.apache.juli.logging.DirectJDKLog.log:[33m173[0;39m][0;39m - Initializing Spring embedded WebApplicationContext
[2024-10-27 00:38:20:1577] [32m[restartedMain][0;39m [34mINFO [0;39m [1;37m[org.springframework.boot.web.servlet.context.ServletWebServerApplicationContext.prepareWebApplicationContext:[33m296[0;39m][0;39m - Root WebApplicationContext: initialization completed in 1017 ms
[2024-10-27 00:38:20:1700] [32m[restartedMain][0;39m [34mINFO [0;39m [1;37m[org.hibernate.jpa.internal.util.LogHelper.logPersistenceUnitInformation:[33m31[0;39m][0;39m - HHH000204: Processing PersistenceUnitInfo [name: default]
[2024-10-27 00:38:20:1745] [32m[restartedMain][0;39m [34mINFO [0;39m [1;37m[org.hibernate.Version.logVersion:[33m44[0;39m][0;39m - HHH000412: Hibernate ORM core version 6.5.3.Final
[2024-10-27 00:38:20:1781] [32m[restartedMain][0;39m [34mINFO [0;39m [1;37m[org.hibernate.cache.internal.RegionFactoryInitiator.initiateService:[33m50[0;39m][0;39m - HHH000026: Second-level cache disabled
[2024-10-27 00:38:21:2009] [32m[restartedMain][0;39m [34mINFO [0;39m [1;37m[org.springframework.orm.jpa.persistenceunit.SpringPersistenceUnitInfo.addTransformer:[33m87[0;39m][0;39m - No LoadTimeWeaver setup: ignoring JPA class transformer
[2024-10-27 00:38:21:2031] [32m[restartedMain][0;39m [34mINFO [0;39m [1;37m[com.zaxxer.hikari.HikariDataSource.getConnection:[33m109[0;39m][0;39m - HikariPool-1 - Starting...
[2024-10-27 00:38:21:2263] [32m[restartedMain][0;39m [34mINFO [0;39m [1;37m[com.zaxxer.hikari.pool.HikariPool.checkFailFast:[33m554[0;39m][0;39m - HikariPool-1 - Added connection com.mysql.cj.jdbc.ConnectionImpl@3d269a91
[2024-10-27 00:38:21:2264] [32m[restartedMain][0;39m [34mINFO [0;39m [1;37m[com.zaxxer.hikari.HikariDataSource.getConnection:[33m122[0;39m][0;39m - HikariPool-1 - Start completed.
[2024-10-27 00:38:22:3073] [32m[restartedMain][0;39m [34mINFO [0;39m [1;37m[org.hibernate.engine.transaction.jta.platform.internal.JtaPlatformInitiator.initiateService:[33m59[0;39m][0;39m - HHH000489: No JTA platform available (set 'hibernate.transaction.jta.platform' to enable JTA platform integration)
[2024-10-27 00:38:22:3192] [32m[restartedMain][0;39m [34mINFO [0;39m [1;37m[org.springframework.orm.jpa.AbstractEntityManagerFactoryBean.buildNativeEntityManagerFactory:[33m437[0;39m][0;39m - Initialized JPA EntityManagerFactory for persistence unit 'default'
[2024-10-27 00:38:22:3881] [32m[restartedMain][0;39m [34mINFO [0;39m [1;37m[org.springframework.boot.devtools.autoconfigure.OptionalLiveReloadServer.startServer:[33m59[0;39m][0;39m - LiveReload server is running on port 35729
[2024-10-27 00:38:22:3893] [32m[restartedMain][0;39m [34mINFO [0;39m [1;37m[org.apache.juli.logging.DirectJDKLog.log:[33m173[0;39m][0;39m - Starting ProtocolHandler ["http-nio-8080"]
[2024-10-27 00:38:22:3905] [32m[restartedMain][0;39m [34mINFO [0;39m [1;37m[org.springframework.boot.web.embedded.tomcat.TomcatWebServer.start:[33m243[0;39m][0;39m - Tomcat started on port 8080 (http) with context path '/'
[2024-10-27 00:38:22:3911] [32m[restartedMain][0;39m [34mINFO [0;39m [1;37m[org.springframework.boot.StartupInfoLogger.logStarted:[33m56[0;39m][0;39m - Started MarimoApplication in 3.763 seconds (process running for 4.23)
[2024-10-27 00:38:51:31957] [32m[SpringApplicationShutdownHook][0;39m [34mINFO [0;39m [1;37m[org.springframework.orm.jpa.AbstractEntityManagerFactoryBean.destroy:[33m650[0;39m][0;39m - Closing JPA EntityManagerFactory for persistence unit 'default'
[2024-10-27 00:38:51:31959] [32m[SpringApplicationShutdownHook][0;39m [34mINFO [0;39m [1;37m[com.zaxxer.hikari.HikariDataSource.close:[33m349[0;39m][0;39m - HikariPool-1 - Shutdown initiated...
[2024-10-27 00:38:51:31963] [32m[SpringApplicationShutdownHook][0;39m [34mINFO [0;39m [1;37m[com.zaxxer.hikari.HikariDataSource.close:[33m351[0;39m][0;39m - HikariPool-1 - Shutdown completed.
